<?xml version="1.0" encoding="utf-8"?><testsuites name="pytest tests"><testsuite name="pytest" errors="0" failures="0" skipped="0" tests="10" time="1.657" timestamp="2026-04-23T21:29:55.131286+00:00" hostname="agent-env-0706aba3-bf79-4c26-957e-7e9825894d1c"><testcase classname="backend.tests.backend_test" name="test_healthcheck" time="0.229" /><testcase classname="backend.tests.backend_test" name="test_default_dataset" time="0.119" /><testcase classname="backend.tests.backend_test" name="test_upload_mat" time="0.169" /><testcase classname="backend.tests.backend_test" name="test_upload_invalid_extension" time="0.140" /><testcase classname="backend.tests.backend_test" name="test_identify_smith_values" time="0.134" /><testcase classname="backend.tests.backend_test" name="test_tune_ziegler_nichols" time="0.142" /><testcase classname="backend.tests.backend_test" name="test_tune_itae" time="0.107" /><testcase classname="backend.tests.backend_test" name="test_tune_invalid_method" time="0.106" /><testcase classname="backend.tests.backend_test" name="test_simulate_zn_high_overshoot" time="0.216" /><testcase classname="backend.tests.backend_test" name="test_simulate_itae_low_overshoot" time="0.180" /></testsuite></testsuites>